Thu Mar  2 19:55:52 UTC 2017
Checking registry for version '5.3.1' images
eval BOOTSTRAP_IMAGE_ALPINE=alpine:3.4
eval BOOTSTRAP_IMAGE_CHEIP=eclipse/che-ip:5.3.1
eval IMAGE_INIT=eclipse/che-init:5.3.1
eval IMAGE_CHE=eclipse/che-server:5.3.1
eval IMAGE_COMPOSE=docker/compose:1.8.1
eval UTILITY_IMAGE_CHEACTION=eclipse/che-action:5.3.1
eval UTILITY_IMAGE_CHEDIR=eclipse/che-dir:5.3.1
eval UTILITY_IMAGE_CHETEST=eclipse/che-test:5.3.1
eval UTILITY_IMAGE_CHEMOUNT=eclipse/che-mount:5.3.1
INFO: (che cli):  5.3.1 - using docker 17.03.0-ce / docker4mac
docker inspect -f '{{.Id}}' che
/usr/bin/curl  "-I -k 192.168.65.2:8080/api/ -s -o /dev/null --write-out %{http_code}"
000
docker inspect -f '{{.Id}}' che
/usr/bin/curl  "-I -k 192.168.65.2:8080/api/ -s -o /dev/null --write-out %{http_code}"
000
\033[0;32mINFO:\033[0m (che download): Checking for image 'eclipse/che-init:5.3.1'... found
\033[0;32mINFO:\033[0m (che download): Checking for image 'eclipse/che-server:5.3.1'... found
\033[0;32mINFO:\033[0m (che download): Checking for image 'docker/compose:1.8.1'... found
INFO: (che init):  Installing configuration and bootstrap variables:
mkdir -p "/data"
mkdir -p "/data/instance"
docker_run -v "/Users/mdemerat/Dev/web-java-spring/.che/cli":/copy  eclipse/che-init:5.3.1
INFO: (che init):    CHE_HOST=192.168.65.2
INFO: (che init):    CHE_VERSION=5.3.1
INFO: (che init):    CHE_CONFIG=/Users/mdemerat/Dev/web-java-spring/.che/cli
INFO: (che init):    CHE_INSTANCE=/Users/mdemerat/Dev/web-java-spring/.che/cli/instance
INFO: (che config):  Generating che configuration...
docker_run                   --env-file="/data/che.env"                   --env-file=/version/5.3.1/images                   -v "/Users/mdemerat/Dev/web-java-spring/.che/cli/instance":/opt/che:rw                    -e "CHE_HOST=192.168.65.2" -e "CHE_WORKSPACE_VOLUME=/Users/mdemerat/Dev/web-java-spring:/projects/web-java-spring;/var/run/docker.sock:/var/run/docker.sock" -e "CHE_WORKSPACE_STORAGE=/Users/mdemerat/Dev/web-java-spring/.che/workspaces" -e "CHE_PORT=8080" -e "CHE_DATA=/Users/mdemerat/Dev/web-java-spring/.che/workspaces"                   -e "CHE_ENV_FILE=/Users/mdemerat/Dev/web-java-spring/.che/cli/instance/config/che.env"                   -e "CHE_CONTAINER_ROOT=/data"                   -e "CHE_CONTAINER_NAME=che"                   -e "CHE_ENVIRONMENT=production"                   -e "CHE_CONFIG=/Users/mdemerat/Dev/web-java-spring/.che/cli/instance"                   -e "CHE_INSTANCE=/Users/mdemerat/Dev/web-java-spring/.che/cli/instance"                   -e "CHE_REPO=off"                   --entrypoint=/usr/bin/puppet                       eclipse/che-init:5.3.1                           apply --modulepath                                 /etc/puppet/modules/:/etc/puppet/addon/                                 /etc/puppet/manifests/ --show_diff >> "/data/cli.log"
[mNotice: Compiled catalog for 78dacace6da8.adsroot.itcs.umich.edu in environment production in 0.14 seconds[0m
[mNotice: /Stage[main]/Base/File[/opt/che/data]/ensure: created[0m
[mNotice: /Stage[main]/Base/File[/opt/che/config]/ensure: created[0m
[mNotice: /Stage[main]/Base/File[/opt/che/logs]/ensure: created[0m
[mNotice: /Stage[main]/Base/File[/opt/che/templates]/ensure: created[0m
[mNotice: /Stage[main]/Base/File[/opt/che/stacks]/ensure: created[0m
[mNotice: /Stage[main]/Che/File[/opt/che/config/che.env]/ensure: defined content as '{md5}99342ea4f3ad15b27158a65646427dfe'[0m
[mNotice: /Stage[main]/Compose/Compose::Generate_compose_file[docker-compose-container.yml]/File[/opt/che/docker-compose-container.yml]/ensure: defined content as '{md5}96fa29ccde89b4f391dcd0e5ea52648f'[0m
[mNotice: /Stage[main]/Compose/Compose::Generate_compose_file[docker-compose.yml]/File[/opt/che/docker-compose.yml]/ensure: defined content as '{md5}db9714e2e2a8179157b6d37d743747ce'[0m
[mNotice: Applied catalog in 0.09 seconds[0m
INFO: (che config):  Customizing docker-compose for running in a container
INFO: (che start):  Starting containers...
docker_compose --file="/data/instance/docker-compose-container.yml" -p="che" up -d >> "/data/cli.log" 2>&1
Recreating che
docker inspect -f '{{.Id}}' che
INFO: (che start):  Services booting...
INFO: (che start):  Server logs at "docker logs -f che"
DEBUG: Container with id 17a8b11ea8a8 is matching che service
DEBUG: Running state of container 17a8b11ea8a8 is true
/usr/bin/curl  "-I -k 192.168.65.2:8080/api/ -s -o /dev/null --write-out %{http_code}"
000
sleep 2
/usr/bin/curl  "-I -k 192.168.65.2:8080/api/ -s -o /dev/null --write-out %{http_code}"
200
DEBUG: Container with id 17a8b11ea8a8 is matching che service
DEBUG: Running state of container 17a8b11ea8a8 is true
docker inspect -f '{{.Id}}' che
/usr/bin/curl  "-I -k 192.168.65.2:8080/api/ -s -o /dev/null --write-out %{http_code}"
200
docker inspect -f '{{.Id}}' che
/usr/bin/curl  "-I -k 192.168.65.2:8080/api/ -s -o /dev/null --write-out %{http_code}"
200
INFO: (che start):  Booted and reachable
INFO: (che start):  Ver: 5.3.1
INFO: (che start):  Use: http://localhost:8080
INFO: (che start):  API: http://localhost:8080/swagger
