2017-03-02 19:56:04,980[main]             [INFO ] [o.a.c.s.VersionLoggerListener 89]    - Server version:        Apache Tomcat/8.0.38
2017-03-02 19:56:04,983[main]             [INFO ] [o.a.c.s.VersionLoggerListener 91]    - Server built:          Oct 6 2016 20:51:55 UTC
2017-03-02 19:56:04,984[main]             [INFO ] [o.a.c.s.VersionLoggerListener 93]    - Server number:         8.0.38.0
2017-03-02 19:56:04,985[main]             [INFO ] [o.a.c.s.VersionLoggerListener 95]    - OS Name:               Linux
2017-03-02 19:56:04,986[main]             [INFO ] [o.a.c.s.VersionLoggerListener 97]    - OS Version:            4.9.12-moby
2017-03-02 19:56:04,986[main]             [INFO ] [o.a.c.s.VersionLoggerListener 99]    - Architecture:          amd64
2017-03-02 19:56:04,987[main]             [INFO ] [o.a.c.s.VersionLoggerListener 101]   - Java Home:             /usr/lib/jvm/java-1.8-openjdk/jre
2017-03-02 19:56:04,988[main]             [INFO ] [o.a.c.s.VersionLoggerListener 103]   - JVM Version:           1.8.0_111-internal-alpine-r0-b14
2017-03-02 19:56:04,988[main]             [INFO ] [o.a.c.s.VersionLoggerListener 105]   - JVM Vendor:            Oracle Corporation
2017-03-02 19:56:04,989[main]             [INFO ] [o.a.c.s.VersionLoggerListener 107]   - CATALINA_BASE:         /home/user/eclipse-che-5.3.1/tomcat
2017-03-02 19:56:04,989[main]             [INFO ] [o.a.c.s.VersionLoggerListener 109]   - CATALINA_HOME:         /home/user/eclipse-che-5.3.1/tomcat
2017-03-02 19:56:04,990[main]             [INFO ] [o.a.c.s.VersionLoggerListener 115]   - Command line argument: -Djava.util.logging.config.file=/home/user/eclipse-che-5.3.1/tomcat/conf/logging.properties
2017-03-02 19:56:04,990[main]             [INFO ] [o.a.c.s.VersionLoggerListener 115]   - Command line argument: -Djava.util.logging.manager=org.apache.juli.ClassLoaderLogManager
2017-03-02 19:56:04,991[main]             [INFO ] [o.a.c.s.VersionLoggerListener 115]   - Command line argument: -Xms512m
2017-03-02 19:56:04,991[main]             [INFO ] [o.a.c.s.VersionLoggerListener 115]   - Command line argument: -Djava.security.egd=file:/dev/./urandom
2017-03-02 19:56:04,992[main]             [INFO ] [o.a.c.s.VersionLoggerListener 115]   - Command line argument: -XX:+HeapDumpOnOutOfMemoryError
2017-03-02 19:56:04,992[main]             [INFO ] [o.a.c.s.VersionLoggerListener 115]   - Command line argument: -XX:+UseConcMarkSweepGC
2017-03-02 19:56:04,993[main]             [INFO ] [o.a.c.s.VersionLoggerListener 115]   - Command line argument: -XX:+CMSParallelRemarkEnabled
2017-03-02 19:56:04,993[main]             [INFO ] [o.a.c.s.VersionLoggerListener 115]   - Command line argument: -XX:+UseCMSInitiatingOccupancyOnly
2017-03-02 19:56:04,994[main]             [INFO ] [o.a.c.s.VersionLoggerListener 115]   - Command line argument: -XX:+ScavengeBeforeFullGC
2017-03-02 19:56:04,994[main]             [INFO ] [o.a.c.s.VersionLoggerListener 115]   - Command line argument: -XX:+CMSScavengeBeforeRemark
2017-03-02 19:56:04,995[main]             [INFO ] [o.a.c.s.VersionLoggerListener 115]   - Command line argument: -Dche.docker.network=bridge
2017-03-02 19:56:04,995[main]             [INFO ] [o.a.c.s.VersionLoggerListener 115]   - Command line argument: -Dport.http=8080
2017-03-02 19:56:04,996[main]             [INFO ] [o.a.c.s.VersionLoggerListener 115]   - Command line argument: -Dche.home=/home/user/eclipse-che-5.3.1
2017-03-02 19:56:04,996[main]             [INFO ] [o.a.c.s.VersionLoggerListener 115]   - Command line argument: -Dche.logs.dir=/logs
2017-03-02 19:56:04,997[main]             [INFO ] [o.a.c.s.VersionLoggerListener 115]   - Command line argument: -Dche.logs.level=INFO
2017-03-02 19:56:04,997[main]             [INFO ] [o.a.c.s.VersionLoggerListener 115]   - Command line argument: -Djdk.tls.ephemeralDHKeySize=2048
2017-03-02 19:56:04,998[main]             [INFO ] [o.a.c.s.VersionLoggerListener 115]   - Command line argument: -Djava.protocol.handler.pkgs=org.apache.catalina.webresources
2017-03-02 19:56:04,998[main]             [INFO ] [o.a.c.s.VersionLoggerListener 115]   - Command line argument: -Dcom.sun.management.jmxremote
2017-03-02 19:56:04,998[main]             [INFO ] [o.a.c.s.VersionLoggerListener 115]   - Command line argument: -Dcom.sun.management.jmxremote.ssl=false
2017-03-02 19:56:04,999[main]             [INFO ] [o.a.c.s.VersionLoggerListener 115]   - Command line argument: -Dcom.sun.management.jmxremote.authenticate=false
2017-03-02 19:56:05,001[main]             [INFO ] [o.a.c.s.VersionLoggerListener 115]   - Command line argument: -Dche.local.conf.dir=/data/conf
2017-03-02 19:56:05,001[main]             [INFO ] [o.a.c.s.VersionLoggerListener 115]   - Command line argument: -Djava.endorsed.dirs=/home/user/eclipse-che-5.3.1/tomcat/endorsed
2017-03-02 19:56:05,002[main]             [INFO ] [o.a.c.s.VersionLoggerListener 115]   - Command line argument: -Dcatalina.base=/home/user/eclipse-che-5.3.1/tomcat
2017-03-02 19:56:05,002[main]             [INFO ] [o.a.c.s.VersionLoggerListener 115]   - Command line argument: -Dcatalina.home=/home/user/eclipse-che-5.3.1/tomcat
2017-03-02 19:56:05,002[main]             [INFO ] [o.a.c.s.VersionLoggerListener 115]   - Command line argument: -Djava.io.tmpdir=/home/user/eclipse-che-5.3.1/tomcat/temp
2017-03-02 19:56:05,082[main]             [INFO ] [o.a.c.http11.Http11NioProtocol 443]  - Initializing ProtocolHandler ["http-nio-8080"]
2017-03-02 19:56:05,097[main]             [INFO ] [o.a.t.util.net.NioSelectorPool 72]   - Using a shared selector for servlet write/read
2017-03-02 19:56:05,099[main]             [INFO ] [o.a.catalina.startup.Catalina 591]   - Initialization processed in 361 ms
2017-03-02 19:56:05,124[main]             [INFO ] [c.m.JmxRemoteLifecycleListener 332]  - The JMX Remote Listener has configured the registry on port 32001 and the server on port 32101 for the Platform server
2017-03-02 19:56:05,125[main]             [INFO ] [o.a.c.core.StandardService 435]      - Starting service Catalina
2017-03-02 19:56:05,125[main]             [INFO ] [o.a.c.core.StandardEngine 259]       - Starting Servlet Engine: Apache Tomcat/8.0.38
2017-03-02 19:56:05,513[ost-startStop-1]  [INFO ] [o.a.c.startup.HostConfig 911]        - Deploying web application archive /home/user/eclipse-che-5.3.1/tomcat/webapps/ROOT.war
2017-03-02 19:56:06,150[ost-startStop-1]  [INFO ] [o.a.c.startup.HostConfig 975]        - Deployment of web application archive /home/user/eclipse-che-5.3.1/tomcat/webapps/ROOT.war has finished in 635 ms
2017-03-02 19:56:06,152[ost-startStop-1]  [INFO ] [o.a.c.startup.HostConfig 911]        - Deploying web application archive /home/user/eclipse-che-5.3.1/tomcat/webapps/swagger.war
2017-03-02 19:56:06,209[ost-startStop-1]  [INFO ] [o.a.c.startup.HostConfig 975]        - Deployment of web application archive /home/user/eclipse-che-5.3.1/tomcat/webapps/swagger.war has finished in 57 ms
2017-03-02 19:56:06,213[ost-startStop-1]  [INFO ] [o.a.c.startup.HostConfig 911]        - Deploying web application archive /home/user/eclipse-che-5.3.1/tomcat/webapps/wsmaster.war
2017-03-02 19:56:12,967[ost-startStop-1]  [WARN ] [i.f.kubernetes.client.Config 286]    - Error reading service account token from: [/var/run/secrets/kubernetes.io/serviceaccount/token]. Ignoring.
2017-03-02 19:56:13,512[ost-startStop-1]  [INFO ] [o.f.c.i.d.DbSupportFactory 44]       - Database: jdbc:h2:che (H2 1.4)
2017-03-02 19:56:13,531[ost-startStop-1]  [INFO ] [o.f.c.i.util.VersionPrinter 44]      - Flyway 4.0.3 by Boxfuse
2017-03-02 19:56:13,533[ost-startStop-1]  [INFO ] [o.f.c.i.d.DbSupportFactory 44]       - Database: jdbc:h2:che (H2 1.4)
2017-03-02 19:56:13,558[ost-startStop-1]  [INFO ] [i.f.CustomSqlMigrationResolver 153]  - Searching for sql scripts in locations [classpath:che-schema]
2017-03-02 19:56:13,575[ost-startStop-1]  [INFO ] [o.f.c.i.command.DbValidate 44]       - Successfully validated 4 migrations (execution time 00:00.018s)
2017-03-02 19:56:13,587[ost-startStop-1]  [INFO ] [o.f.c.i.m.MetaDataTableImpl 44]      - Creating Metadata table: "PUBLIC"."schema_version"
2017-03-02 19:56:13,600[ost-startStop-1]  [INFO ] [o.f.c.i.command.DbMigrate 44]        - Current version of schema "PUBLIC": << Empty Schema >>
2017-03-02 19:56:13,601[ost-startStop-1]  [INFO ] [o.f.c.i.command.DbMigrate 44]        - Migrating schema "PUBLIC" to version 5.0.0.8.1 - 1__init.sql
2017-03-02 19:56:13,702[ost-startStop-1]  [INFO ] [o.f.c.i.command.DbMigrate 44]        - Migrating schema "PUBLIC" to version 5.0.0.9.1 - 1__add_index_on_workspace_temporary.sql
2017-03-02 19:56:13,709[ost-startStop-1]  [INFO ] [o.f.c.i.command.DbMigrate 44]        - Migrating schema "PUBLIC" to version 5.0.0.9.2 - 2__update_local_links_in_environments.sql
2017-03-02 19:56:13,716[ost-startStop-1]  [INFO ] [o.f.c.i.command.DbMigrate 44]        - Migrating schema "PUBLIC" to version 5.2.0.1 - 1__increase_project_attributes_values_length.sql
2017-03-02 19:56:13,732[ost-startStop-1]  [INFO ] [o.f.c.i.command.DbMigrate 44]        - Successfully applied 4 migrations to schema "PUBLIC" (execution time 00:00.145s).
2017-03-02 19:56:15,159[ted-scheduler-1]  [INFO ] [ockerAbandonedResourcesCleaner 124]  - List containers registered in the api: []
2017-03-02 19:56:15,430[ost-startStop-1]  [INFO ] [o.a.c.startup.HostConfig 975]        - Deployment of web application archive /home/user/eclipse-che-5.3.1/tomcat/webapps/wsmaster.war has finished in 9,216 ms
2017-03-02 19:56:15,432[ost-startStop-1]  [INFO ] [o.a.c.startup.HostConfig 911]        - Deploying web application archive /home/user/eclipse-che-5.3.1/tomcat/webapps/docs.war
2017-03-02 19:56:16,045[ost-startStop-1]  [INFO ] [o.a.c.startup.HostConfig 975]        - Deployment of web application archive /home/user/eclipse-che-5.3.1/tomcat/webapps/docs.war has finished in 613 ms
2017-03-02 19:56:16,047[ost-startStop-1]  [INFO ] [o.a.c.startup.HostConfig 911]        - Deploying web application archive /home/user/eclipse-che-5.3.1/tomcat/webapps/dashboard.war
2017-03-02 19:56:16,158[ost-startStop-1]  [INFO ] [o.a.c.startup.HostConfig 975]        - Deployment of web application archive /home/user/eclipse-che-5.3.1/tomcat/webapps/dashboard.war has finished in 111 ms
2017-03-02 19:56:16,165[main]             [INFO ] [o.a.c.http11.Http11NioProtocol 488]  - Starting ProtocolHandler ["http-nio-8080"]
2017-03-02 19:56:16,170[main]             [INFO ] [o.a.catalina.startup.Catalina 642]   - Server startup in 11070 ms
2017-03-02 19:56:21,421[io-8080-exec-10]  [INFO ] [o.e.c.a.w.s.WorkspaceManager 893]    - Workspace 'che/local' with id 'workspacevt1gx76l6tn90td2' created by user 'che'
2017-03-02 19:56:29,432[aceSharedPool-0]  [INFO ] [o.e.c.a.w.s.WorkspaceRuntimes 692]   - Launching 'org.eclipse.che.terminal' agent at workspace workspacevt1gx76l6tn90td2
2017-03-02 19:56:31,601[aceSharedPool-0]  [INFO ] [o.e.c.a.w.s.WorkspaceRuntimes 692]   - Launching 'org.eclipse.che.ws-agent' agent at workspace workspacevt1gx76l6tn90td2
2017-03-02 19:56:43,582[aceSharedPool-0]  [INFO ] [o.e.c.a.w.s.WorkspaceRuntimes 692]   - Launching 'org.eclipse.che.ssh' agent at workspace workspacevt1gx76l6tn90td2
2017-03-02 19:56:43,689[aceSharedPool-0]  [INFO ] [o.e.c.a.w.s.WorkspaceManager 757]    - Workspace 'che/local' with id 'workspacevt1gx76l6tn90td2' started by user 'che'
2017-03-02 19:57:54,531[aceSharedPool-1]  [INFO ] [o.e.c.a.w.s.WorkspaceManager 796]    - Workspace 'che/local' with id 'workspacevt1gx76l6tn90td2' is being stopped by user 'che'
2017-03-02 19:57:54,544[aceSharedPool-1]  [INFO ] [o.e.c.a.w.s.WorkspaceRuntimes 863]   - Creating snapshot of workspace 'workspacevt1gx76l6tn90td2', machines to snapshot: '1'
2017-03-02 19:57:56,651[aceSharedPool-1]  [INFO ] [o.e.c.a.w.s.WorkspaceRuntimes 886]   - Saving new snapshots metadata, workspace id 'workspacevt1gx76l6tn90td2'
2017-03-02 19:57:59,098[aceSharedPool-1]  [INFO ] [o.e.c.a.w.s.WorkspaceManager 827]    - Workspace 'che/local' with id 'workspacevt1gx76l6tn90td2' stopped by user 'che'
2017-03-02 19:58:01,086[aceSharedPool-2]  [INFO ] [o.e.c.a.w.s.WorkspaceRuntimes 692]   - Launching 'org.eclipse.che.terminal' agent at workspace workspacevt1gx76l6tn90td2
2017-03-02 19:58:01,492[nio-8080-exec-7]  [WARN ] [o.e.c.impl.ContainerResponse 93]     - Client has aborted connection. Response writing omitted.
2017-03-02 19:58:03,250[aceSharedPool-2]  [INFO ] [o.e.c.a.w.s.WorkspaceRuntimes 692]   - Launching 'org.eclipse.che.ws-agent' agent at workspace workspacevt1gx76l6tn90td2
2017-03-02 19:58:22,278[aceSharedPool-2]  [INFO ] [o.e.c.a.w.s.WorkspaceRuntimes 692]   - Launching 'org.eclipse.che.ssh' agent at workspace workspacevt1gx76l6tn90td2
2017-03-02 19:58:22,540[aceSharedPool-2]  [INFO ] [o.e.c.a.w.s.WorkspaceManager 757]    - Workspace 'che/wksp-sgtp' with id 'workspacevt1gx76l6tn90td2' started by user 'che'
2017-03-02 20:05:02,830[aceSharedPool-3]  [INFO ] [o.e.c.a.w.s.WorkspaceManager 796]    - Workspace 'che/wksp-sgtp' with id 'workspacevt1gx76l6tn90td2' is being stopped by user 'che'
2017-03-02 20:05:02,850[aceSharedPool-3]  [INFO ] [o.e.c.a.w.s.WorkspaceRuntimes 863]   - Creating snapshot of workspace 'workspacevt1gx76l6tn90td2', machines to snapshot: '1'
2017-03-02 20:05:05,368[aceSharedPool-3]  [INFO ] [o.e.c.a.w.s.WorkspaceRuntimes 886]   - Saving new snapshots metadata, workspace id 'workspacevt1gx76l6tn90td2'
2017-03-02 20:05:05,444[aceSharedPool-3]  [INFO ] [o.e.c.a.w.s.WorkspaceRuntimes 892]   - Removing old snapshots binaries, workspace id 'workspacevt1gx76l6tn90td2', snapshots to remove '1'
2017-03-02 20:05:08,055[aceSharedPool-3]  [INFO ] [o.e.c.a.w.s.WorkspaceManager 827]    - Workspace 'che/wksp-sgtp' with id 'workspacevt1gx76l6tn90td2' stopped by user 'che'
